<?xml version="1.0" encoding="UTF-8"?>
<!-- Generated by org.testng.reporters.JUnitReportReporter -->
<testsuite hostname="shaik" failures="0" tests="1" name="tests.CreateExcel" time="0.620" errors="0" timestamp="2022-01-13T09:29:07 IST" skipped="0">
  <testcase classname="tests.CreateExcel" name="workBookCreation" time="0.620"/>
  <system-out/>
</testsuite> <!-- tests.CreateExcel -->
