<?xml version="1.0" encoding="UTF-8"?>
<!-- Generated by org.testng.reporters.JUnitReportReporter -->
<testsuite hostname="shaik" failures="0" tests="1" name="tests.Mew" time="6.330" errors="0" timestamp="2022-03-18T09:15:01 IST" skipped="0">
  <testcase classname="tests.Mew" name="setup" time="6.330"/>
  <system-out/>
</testsuite> <!-- tests.Mew -->
